2020-08-08 13:22:18,395 - Log4JLogChute initialized using file 'velocity.log'
2020-08-08 13:22:18,395 - Initializing Velocity, Calling init()...
2020-08-08 13:22:18,395 - Starting Apache Velocity v1.7 (compiled: 2010-11-19 12:14:37)
2020-08-08 13:22:18,395 - Default Properties File: org\apache\velocity\runtime\defaults\velocity.properties
2020-08-08 13:22:18,395 - Trying to use logger class org.apache.velocity.runtime.log.AvalonLogChute
2020-08-08 13:22:18,395 - Target log system for org.apache.velocity.runtime.log.AvalonLogChute is not available (java.lang.NoClassDefFoundError: org/apache/log/Priority).  Falling back to next log system...
2020-08-08 13:22:18,395 - Trying to use logger class org.apache.velocity.runtime.log.Log4JLogChute
2020-08-08 13:22:18,396 - Using logger class org.apache.velocity.runtime.log.Log4JLogChute
2020-08-08 13:22:18,397 - ResourceLoader instantiated: org.apache.velocity.runtime.resource.loader.ClasspathResourceLoader
2020-08-08 13:22:18,402 - ResourceCache: initialized (class org.apache.velocity.runtime.resource.ResourceCacheImpl) with class java.util.Collections$SynchronizedMap cache map.
2020-08-08 13:22:18,404 - Loaded System Directive: org.apache.velocity.runtime.directive.Stop
2020-08-08 13:22:18,405 - Loaded System Directive: org.apache.velocity.runtime.directive.Define
2020-08-08 13:22:18,405 - Loaded System Directive: org.apache.velocity.runtime.directive.Break
2020-08-08 13:22:18,406 - Loaded System Directive: org.apache.velocity.runtime.directive.Evaluate
2020-08-08 13:22:18,406 - Loaded System Directive: org.apache.velocity.runtime.directive.Literal
2020-08-08 13:22:18,406 - Loaded System Directive: org.apache.velocity.runtime.directive.Macro
2020-08-08 13:22:18,407 - Loaded System Directive: org.apache.velocity.runtime.directive.Parse
2020-08-08 13:22:18,407 - Loaded System Directive: org.apache.velocity.runtime.directive.Include
2020-08-08 13:22:18,408 - Loaded System Directive: org.apache.velocity.runtime.directive.Foreach
2020-08-08 13:22:18,415 - Created '20' parsers.
2020-08-08 13:22:18,416 - Velocimacro : "velocimacro.library" is not set.  Trying default library: VM_global_library.vm
2020-08-08 13:22:18,417 - Could not load resource 'VM_global_library.vm' from ResourceLoader org.apache.velocity.runtime.resource.loader.ClasspathResourceLoader: ClasspathResourceLoader Error: cannot find resource VM_global_library.vm
2020-08-08 13:22:18,417 - Velocimacro : Default library not found.
2020-08-08 13:22:18,417 - Velocimacro : allowInline = true : VMs can be defined inline in templates
2020-08-08 13:22:18,417 - Velocimacro : allowInlineToOverride = false : VMs defined inline may NOT replace previous VM definitions
2020-08-08 13:22:18,417 - Velocimacro : allowInlineLocal = false : VMs defined inline will be global in scope if allowed.
2020-08-08 13:22:18,417 - Velocimacro : autoload off : VM system will not automatically reload global library macros
2020-08-08 13:22:18,429 - ResourceManager : found velocity/template/Entity.java.vm with loader org.apache.velocity.runtime.resource.loader.ClasspathResourceLoader
2020-08-08 13:22:18,436 - ResourceManager : found velocity/template/Mapper.java.vm with loader org.apache.velocity.runtime.resource.loader.ClasspathResourceLoader
2020-08-08 13:22:18,442 - ResourceManager : found velocity/template/Mapper.xml.vm with loader org.apache.velocity.runtime.resource.loader.ClasspathResourceLoader
2020-08-08 13:22:18,449 - ResourceManager : found velocity/template/Manager.java.vm with loader org.apache.velocity.runtime.resource.loader.ClasspathResourceLoader
2020-08-08 13:22:18,450 - ResourceManager : found velocity/template/ManagerImpl.java.vm with loader org.apache.velocity.runtime.resource.loader.ClasspathResourceLoader
2020-08-08 13:22:18,451 - ResourceManager : found velocity/template/Service.java.vm with loader org.apache.velocity.runtime.resource.loader.ClasspathResourceLoader
2020-08-08 13:22:18,453 - ResourceManager : found velocity/template/ServiceImpl.java.vm with loader org.apache.velocity.runtime.resource.loader.ClasspathResourceLoader
2020-08-08 13:22:18,454 - ResourceManager : found velocity/template/Controller.java.vm with loader org.apache.velocity.runtime.resource.loader.ClasspathResourceLoader
2020-08-08 13:22:18,455 - ResourceManager : found velocity/template/list.html.vm with loader org.apache.velocity.runtime.resource.loader.ClasspathResourceLoader
2020-08-08 13:22:18,456 - ResourceManager : found velocity/template/list.js.vm with loader org.apache.velocity.runtime.resource.loader.ClasspathResourceLoader
2020-08-08 13:22:18,458 - ResourceManager : found velocity/template/add.html.vm with loader org.apache.velocity.runtime.resource.loader.ClasspathResourceLoader
2020-08-08 13:22:18,459 - ResourceManager : found velocity/template/add.js.vm with loader org.apache.velocity.runtime.resource.loader.ClasspathResourceLoader
2020-08-08 13:22:18,459 - ResourceManager : found velocity/template/edit.html.vm with loader org.apache.velocity.runtime.resource.loader.ClasspathResourceLoader
2020-08-08 13:22:18,460 - ResourceManager : found velocity/template/edit.js.vm with loader org.apache.velocity.runtime.resource.loader.ClasspathResourceLoader
2020-08-08 13:22:18,461 - ResourceManager : found velocity/template/menu.sql.vm with loader org.apache.velocity.runtime.resource.loader.ClasspathResourceLoader
2020-08-08 13:28:28,458 - ResourceManager : found velocity/template/Entity.java.vm with loader org.apache.velocity.runtime.resource.loader.ClasspathResourceLoader
2020-08-08 13:28:28,459 - ResourceManager : found velocity/template/Mapper.java.vm with loader org.apache.velocity.runtime.resource.loader.ClasspathResourceLoader
2020-08-08 13:28:28,462 - ResourceManager : found velocity/template/Mapper.xml.vm with loader org.apache.velocity.runtime.resource.loader.ClasspathResourceLoader
2020-08-08 13:28:28,464 - ResourceManager : found velocity/template/Manager.java.vm with loader org.apache.velocity.runtime.resource.loader.ClasspathResourceLoader
2020-08-08 13:28:28,467 - ResourceManager : found velocity/template/ManagerImpl.java.vm with loader org.apache.velocity.runtime.resource.loader.ClasspathResourceLoader
2020-08-08 13:28:28,468 - ResourceManager : found velocity/template/Service.java.vm with loader org.apache.velocity.runtime.resource.loader.ClasspathResourceLoader
2020-08-08 13:28:28,470 - ResourceManager : found velocity/template/ServiceImpl.java.vm with loader org.apache.velocity.runtime.resource.loader.ClasspathResourceLoader
2020-08-08 13:28:28,472 - ResourceManager : found velocity/template/Controller.java.vm with loader org.apache.velocity.runtime.resource.loader.ClasspathResourceLoader
2020-08-08 13:28:28,473 - ResourceManager : found velocity/template/list.html.vm with loader org.apache.velocity.runtime.resource.loader.ClasspathResourceLoader
2020-08-08 13:28:28,474 - ResourceManager : found velocity/template/list.js.vm with loader org.apache.velocity.runtime.resource.loader.ClasspathResourceLoader
2020-08-08 13:28:28,476 - ResourceManager : found velocity/template/add.html.vm with loader org.apache.velocity.runtime.resource.loader.ClasspathResourceLoader
2020-08-08 13:28:28,477 - ResourceManager : found velocity/template/add.js.vm with loader org.apache.velocity.runtime.resource.loader.ClasspathResourceLoader
2020-08-08 13:28:28,478 - ResourceManager : found velocity/template/edit.html.vm with loader org.apache.velocity.runtime.resource.loader.ClasspathResourceLoader
2020-08-08 13:28:28,479 - ResourceManager : found velocity/template/edit.js.vm with loader org.apache.velocity.runtime.resource.loader.ClasspathResourceLoader
2020-08-08 13:28:28,480 - ResourceManager : found velocity/template/menu.sql.vm with loader org.apache.velocity.runtime.resource.loader.ClasspathResourceLoader
2020-08-08 13:28:55,411 - ResourceManager : found velocity/template/Entity.java.vm with loader org.apache.velocity.runtime.resource.loader.ClasspathResourceLoader
2020-08-08 13:28:55,413 - ResourceManager : found velocity/template/Mapper.java.vm with loader org.apache.velocity.runtime.resource.loader.ClasspathResourceLoader
2020-08-08 13:28:55,416 - ResourceManager : found velocity/template/Mapper.xml.vm with loader org.apache.velocity.runtime.resource.loader.ClasspathResourceLoader
2020-08-08 13:28:55,418 - ResourceManager : found velocity/template/Manager.java.vm with loader org.apache.velocity.runtime.resource.loader.ClasspathResourceLoader
2020-08-08 13:28:55,420 - ResourceManager : found velocity/template/ManagerImpl.java.vm with loader org.apache.velocity.runtime.resource.loader.ClasspathResourceLoader
2020-08-08 13:28:55,422 - ResourceManager : found velocity/template/Service.java.vm with loader org.apache.velocity.runtime.resource.loader.ClasspathResourceLoader
2020-08-08 13:28:55,424 - ResourceManager : found velocity/template/ServiceImpl.java.vm with loader org.apache.velocity.runtime.resource.loader.ClasspathResourceLoader
2020-08-08 13:28:55,425 - ResourceManager : found velocity/template/Controller.java.vm with loader org.apache.velocity.runtime.resource.loader.ClasspathResourceLoader
2020-08-08 13:28:55,426 - ResourceManager : found velocity/template/list.html.vm with loader org.apache.velocity.runtime.resource.loader.ClasspathResourceLoader
2020-08-08 13:28:55,428 - ResourceManager : found velocity/template/list.js.vm with loader org.apache.velocity.runtime.resource.loader.ClasspathResourceLoader
2020-08-08 13:28:55,428 - ResourceManager : found velocity/template/add.html.vm with loader org.apache.velocity.runtime.resource.loader.ClasspathResourceLoader
2020-08-08 13:28:55,430 - ResourceManager : found velocity/template/add.js.vm with loader org.apache.velocity.runtime.resource.loader.ClasspathResourceLoader
2020-08-08 13:28:55,431 - ResourceManager : found velocity/template/edit.html.vm with loader org.apache.velocity.runtime.resource.loader.ClasspathResourceLoader
2020-08-08 13:28:55,432 - ResourceManager : found velocity/template/edit.js.vm with loader org.apache.velocity.runtime.resource.loader.ClasspathResourceLoader
2020-08-08 13:28:55,433 - ResourceManager : found velocity/template/menu.sql.vm with loader org.apache.velocity.runtime.resource.loader.ClasspathResourceLoader
